Сборка начата 10.11.2015 9:55:24.
     1>Проект "D:\Projects\chipirov2\cudamatrix\cudamatrix.vcxproj" в узле 2 (целевые объекты Build).
     1>AddCudaCompileDeps:
         C:\Program Files (x86)\Microsoft Visual Studio 12.0\VC\bin\cl.exe /E /nologo /showIncludes /TP /D__CUDACC__ /DWIN32 /D_DEBUG /D_CONSOLE /D_MBCS /I"C:\Program Files\NVIDIA GPU Computing Toolkit\CUDA\v6.5\include" /I"C:\Program Files\NVIDIA GPU Computing Toolkit\CUDA\v6.5\bin" /I"C:\Program Files\NVIDIA GPU Computing Toolkit\CUDA\v6.5\include" /I. /FIcuda_runtime.h /c D:\Projects\chipirov2\cudamatrix\cudamatrix.cu 
       CudaBuild:
         Compiling CUDA source file cudamatrix.cu...
         cmd.exe /C "R:\Temp\tmp062c34adae28499695860140896c9850.cmd"
         "C:\Program Files\NVIDIA GPU Computing Toolkit\CUDA\v6.5\bin\nvcc.exe" -gencode=arch=compute_20,code=\"sm_20,compute_20\" --use-local-env --cl-version 2013 -ccbin "C:\Program Files (x86)\Microsoft Visual Studio 12.0\VC\bin"  -I"C:\Program Files\NVIDIA GPU Computing Toolkit\CUDA\v6.5\include" -I"C:\Program Files\NVIDIA GPU Computing Toolkit\CUDA\v6.5\include"  -G   --keep-dir Debug -maxrregcount=0  --machine 32 --compile -cudart static  -g   -DWIN32 -D_DEBUG -D_CONSOLE -D_MBCS -Xcompiler "/EHsc /W3 /nologo /Od /Zi /RTC1 /MDd  " -o Debug\cudamatrix.cu.obj "D:\Projects\chipirov2\cudamatrix\cudamatrix.cu"
         
         D:\Projects\chipirov2\cudamatrix>"C:\Program Files\NVIDIA GPU Computing Toolkit\CUDA\v6.5\bin\nvcc.exe" -gencode=arch=compute_20,code=\"sm_20,compute_20\" --use-local-env --cl-version 2013 -ccbin "C:\Program Files (x86)\Microsoft Visual Studio 12.0\VC\bin"  -I"C:\Program Files\NVIDIA GPU Computing Toolkit\CUDA\v6.5\include" -I"C:\Program Files\NVIDIA GPU Computing Toolkit\CUDA\v6.5\include"  -G   --keep-dir Debug -maxrregcount=0  --machine 32 --compile -cudart static  -g   -DWIN32 -D_DEBUG -D_CONSOLE -D_MBCS -Xcompiler "/EHsc /W3 /nologo /Od /Zi /RTC1 /MDd  " -o Debug\cudamatrix.cu.obj "D:\Projects\chipirov2\cudamatrix\cudamatrix.cu" 
         cudamatrix.cu
     1>D:/Projects/chipirov2/cudamatrix/cudamatrix.cu(57): warning C4018: <: несоответствие типов со знаком и без знака
     1>D:/Projects/chipirov2/cudamatrix/cudamatrix.cu(77): warning C4018: <: несоответствие типов со знаком и без знака
     1>D:/Projects/chipirov2/cudamatrix/cudamatrix.cu(104): warning C4018: <: несоответствие типов со знаком и без знака
     1>D:/Projects/chipirov2/cudamatrix/cudamatrix.cu(106): warning C4018: <: несоответствие типов со знаком и без знака
     1>D:/Projects/chipirov2/cudamatrix/cudamatrix.cu(161): warning C4018: <: несоответствие типов со знаком и без знака
     1>D:/Projects/chipirov2/cudamatrix/cudamatrix.cu(198): warning C4018: <: несоответствие типов со знаком и без знака
       Link:
         C:\Program Files (x86)\Microsoft Visual Studio 12.0\VC\bin\link.exe /ERRORREPORT:PROMPT /OUT:"D:\Projects\chipirov2\Debug\cudamatrix.exe" /INCREMENTAL /NOLOGO /LIBPATH:"C:\Program Files\NVIDIA GPU Computing Toolkit\CUDA\v6.5\lib\Win32" cudart.lib kernel32.lib user32.lib gdi32.lib winspool.lib comdlg32.lib advapi32.lib shell32.lib ole32.lib oleaut32.lib uuid.lib odbc32.lib odbccp32.lib kernel32.lib user32.lib gdi32.lib winspool.lib comdlg32.lib advapi32.lib shell32.lib ole32.lib oleaut32.lib uuid.lib odbc32.lib odbccp32.lib /MANIFEST /MANIFESTUAC:"level='asInvoker' uiAccess='false'" /manifest:embed /DEBUG /PDB:"D:\Projects\chipirov2\Debug\cudamatrix.pdb" /SUBSYSTEM:CONSOLE /TLBID:1 /DYNAMICBASE /NXCOMPAT /IMPLIB:"D:\Projects\chipirov2\Debug\cudamatrix.lib" /MACHINE:X86 Debug\cudamatrix.cu.obj
         cudamatrix.vcxproj -> D:\Projects\chipirov2\Debug\cudamatrix.exe
       PostBuildEvent:
         echo copy "C:\Program Files\NVIDIA GPU Computing Toolkit\CUDA\v6.5\bin\cudart*.dll" "D:\Projects\chipirov2\Debug\"
         copy "C:\Program Files\NVIDIA GPU Computing Toolkit\CUDA\v6.5\bin\cudart*.dll" "D:\Projects\chipirov2\Debug\"
         :VCEnd
         copy "C:\Program Files\NVIDIA GPU Computing Toolkit\CUDA\v6.5\bin\cudart*.dll" "D:\Projects\chipirov2\Debug\"
         C:\Program Files\NVIDIA GPU Computing Toolkit\CUDA\v6.5\bin\cudart32_65.dll
         C:\Program Files\NVIDIA GPU Computing Toolkit\CUDA\v6.5\bin\cudart64_65.dll
         Скопировано файлов:         2.
     1>Сборка проекта "D:\Projects\chipirov2\cudamatrix\cudamatrix.vcxproj" завершена (целевые объекты Build).

Сборка успешно завершена.

Затраченное время: 00:00:23.10
